
code.elf:     file format elf32-avr


Disassembly of section .text:

00000000 <__vectors>:
   0:	0c 94 24 01 	jmp	0x248	; 0x248 <__ctors_end>
   4:	0c 94 41 01 	jmp	0x282	; 0x282 <__bad_interrupt>
   8:	0c 94 41 01 	jmp	0x282	; 0x282 <__bad_interrupt>
   c:	0c 94 41 01 	jmp	0x282	; 0x282 <__bad_interrupt>
  10:	0c 94 41 01 	jmp	0x282	; 0x282 <__bad_interrupt>
  14:	0c 94 41 01 	jmp	0x282	; 0x282 <__bad_interrupt>
  18:	0c 94 41 01 	jmp	0x282	; 0x282 <__bad_interrupt>
  1c:	0c 94 41 01 	jmp	0x282	; 0x282 <__bad_interrupt>
  20:	0c 94 41 01 	jmp	0x282	; 0x282 <__bad_interrupt>
  24:	0c 94 41 01 	jmp	0x282	; 0x282 <__bad_interrupt>
  28:	0c 94 41 01 	jmp	0x282	; 0x282 <__bad_interrupt>
  2c:	0c 94 41 01 	jmp	0x282	; 0x282 <__bad_interrupt>
  30:	0c 94 41 01 	jmp	0x282	; 0x282 <__bad_interrupt>
  34:	0c 94 41 01 	jmp	0x282	; 0x282 <__bad_interrupt>
  38:	0c 94 41 01 	jmp	0x282	; 0x282 <__bad_interrupt>
  3c:	0c 94 41 01 	jmp	0x282	; 0x282 <__bad_interrupt>
  40:	0c 94 41 01 	jmp	0x282	; 0x282 <__bad_interrupt>
  44:	0c 94 41 01 	jmp	0x282	; 0x282 <__bad_interrupt>
  48:	0c 94 41 01 	jmp	0x282	; 0x282 <__bad_interrupt>
  4c:	0c 94 41 01 	jmp	0x282	; 0x282 <__bad_interrupt>
  50:	0c 94 41 01 	jmp	0x282	; 0x282 <__bad_interrupt>
  54:	0c 94 41 01 	jmp	0x282	; 0x282 <__bad_interrupt>
  58:	0c 94 41 01 	jmp	0x282	; 0x282 <__bad_interrupt>
  5c:	0c 94 41 01 	jmp	0x282	; 0x282 <__bad_interrupt>
  60:	0c 94 41 01 	jmp	0x282	; 0x282 <__bad_interrupt>
  64:	0c 94 41 01 	jmp	0x282	; 0x282 <__bad_interrupt>

00000068 <CHARSET>:
  68:	00 00 00 00 00 00 00 5f 00 00 00 07 00 07 00 14     ......._........
  78:	7f 14 7f 14 24 2a 7f 2a 12 23 13 08 64 62 36 49     ....$*.*.#..db6I
  88:	55 22 50 00 05 03 00 00 00 1c 22 41 00 00 41 22     U"P......."A..A"
  98:	1c 00 14 08 3e 08 14 08 08 3e 08 08 00 50 30 00     ....>....>...P0.
  a8:	00 08 08 08 08 08 00 60 60 00 00 20 10 08 04 02     .......``.. ....
  b8:	3e 51 49 45 3e 00 42 7f 40 00 42 61 51 49 46 21     >QIE>.B.@.BaQIF!
  c8:	41 45 4b 31 18 14 12 7f 10 27 45 45 45 39 3c 4a     AEK1.....'EEE9<J
  d8:	49 49 30 01 71 09 05 03 36 49 49 49 36 06 49 49     II0.q...6III6.II
  e8:	29 1e 00 36 36 00 00 00 56 36 00 00 08 14 22 41     )..66...V6...."A
  f8:	00 14 14 14 14 14 00 41 22 14 08 02 01 51 09 06     .......A"....Q..
 108:	32 49 79 41 3e 7e 11 11 11 7e 7f 49 49 49 36 3e     2IyA>~...~.III6>
 118:	41 41 41 22 7f 41 41 22 1c 7f 49 49 49 41 7f 09     AAA".AA"..IIIA..
 128:	09 09 01 3e 41 49 49 7a 7f 08 08 08 7f 00 41 7f     ...>AIIz......A.
 138:	41 00 20 40 41 3f 01 7f 08 14 22 41 7f 40 40 40     A. @A?...."A.@@@
 148:	40 7f 02 0c 02 7f 7f 04 08 10 7f 3e 41 41 41 3e     @..........>AAA>
 158:	7f 09 09 09 06 3e 41 51 21 5e 7f 09 19 29 46 46     .....>AQ!^...)FF
 168:	49 49 49 31 01 01 7f 01 01 3f 40 40 40 3f 1f 20     III1.....?@@@?. 
 178:	40 20 1f 3f 40 38 40 3f 63 14 08 14 63 07 08 70     @ .?@8@?c...c..p
 188:	08 07 61 51 49 45 43 00 7f 41 41 00 02 04 08 10     ..aQIEC..AA.....
 198:	20 00 41 41 7f 00 04 02 01 02 04 40 40 40 40 40      .AA.......@@@@@
 1a8:	00 01 02 04 00 20 54 54 54 78 7f 48 44 44 38 38     ..... TTTx.HDD88
 1b8:	44 44 44 20 38 44 44 48 7f 38 54 54 54 18 08 7e     DDD 8DDH.8TTT..~
 1c8:	09 01 02 0c 52 52 52 3e 7f 08 04 04 78 00 44 7d     ....RRR>....x.D}
 1d8:	40 00 20 40 44 3d 00 7f 10 28 44 00 00 41 7f 40     @. @D=...(D..A.@
 1e8:	00 7c 04 18 04 78 7c 08 04 04 78 38 44 44 44 38     .|...x|...x8DDD8
 1f8:	7c 14 14 14 08 08 14 14 18 7c 7c 08 04 04 08 48     |........||....H
 208:	54 54 54 20 04 3f 44 40 20 3c 40 40 20 7c 1c 20     TTT .?D@ <@@ |. 
 218:	40 20 1c 3c 40 30 40 3c 44 28 10 28 44 0c 50 50     @ .<@0@<D(.(D.PP
 228:	50 3c 44 64 54 4c 44 00 08 36 41 00 00 00 7f 00     P<DdTLD..6A.....
 238:	00 00 41 36 08 00 10 08 08 10 08 00 00 00 00 00     ..A6............

00000248 <__ctors_end>:
 248:	11 24       	eor	r1, r1
 24a:	1f be       	out	0x3f, r1	; 63
 24c:	cf ef       	ldi	r28, 0xFF	; 255
 24e:	d8 e0       	ldi	r29, 0x08	; 8
 250:	de bf       	out	0x3e, r29	; 62
 252:	cd bf       	out	0x3d, r28	; 61

00000254 <__do_copy_data>:
 254:	11 e0       	ldi	r17, 0x01	; 1
 256:	a0 e0       	ldi	r26, 0x00	; 0
 258:	b1 e0       	ldi	r27, 0x01	; 1
 25a:	e4 ef       	ldi	r30, 0xF4	; 244
 25c:	fb e0       	ldi	r31, 0x0B	; 11
 25e:	02 c0       	rjmp	.+4      	; 0x264 <__do_copy_data+0x10>
 260:	05 90       	lpm	r0, Z+
 262:	0d 92       	st	X+, r0
 264:	a6 30       	cpi	r26, 0x06	; 6
 266:	b1 07       	cpc	r27, r17
 268:	d9 f7       	brne	.-10     	; 0x260 <__do_copy_data+0xc>

0000026a <__do_clear_bss>:
 26a:	23 e0       	ldi	r18, 0x03	; 3
 26c:	a6 e0       	ldi	r26, 0x06	; 6
 26e:	b1 e0       	ldi	r27, 0x01	; 1
 270:	01 c0       	rjmp	.+2      	; 0x274 <.do_clear_bss_start>

00000272 <.do_clear_bss_loop>:
 272:	1d 92       	st	X+, r1

00000274 <.do_clear_bss_start>:
 274:	a0 34       	cpi	r26, 0x40	; 64
 276:	b2 07       	cpc	r27, r18
 278:	e1 f7       	brne	.-8      	; 0x272 <.do_clear_bss_loop>
 27a:	0e 94 0d 04 	call	0x81a	; 0x81a <main>
 27e:	0c 94 f8 05 	jmp	0xbf0	; 0xbf0 <_exit>

00000282 <__bad_interrupt>:
 282:	0c 94 00 00 	jmp	0	; 0x0 <__vectors>

00000286 <write>:
 286:	40 98       	cbi	0x08, 0	; 8
 288:	66 23       	and	r22, r22
 28a:	11 f0       	breq	.+4      	; 0x290 <write+0xa>
 28c:	42 9a       	sbi	0x08, 2	; 8
 28e:	01 c0       	rjmp	.+2      	; 0x292 <write+0xc>
 290:	42 98       	cbi	0x08, 2	; 8
 292:	27 e0       	ldi	r18, 0x07	; 7
 294:	30 e0       	ldi	r19, 0x00	; 0
 296:	90 e0       	ldi	r25, 0x00	; 0
 298:	ac 01       	movw	r20, r24
 29a:	02 2e       	mov	r0, r18
 29c:	02 c0       	rjmp	.+4      	; 0x2a2 <write+0x1c>
 29e:	55 95       	asr	r21
 2a0:	47 95       	ror	r20
 2a2:	0a 94       	dec	r0
 2a4:	e2 f7       	brpl	.-8      	; 0x29e <write+0x18>
 2a6:	40 ff       	sbrs	r20, 0
 2a8:	02 c0       	rjmp	.+4      	; 0x2ae <write+0x28>
 2aa:	43 9a       	sbi	0x08, 3	; 8
 2ac:	01 c0       	rjmp	.+2      	; 0x2b0 <write+0x2a>
 2ae:	43 98       	cbi	0x08, 3	; 8
 2b0:	44 9a       	sbi	0x08, 4	; 8
 2b2:	44 98       	cbi	0x08, 4	; 8
 2b4:	21 50       	subi	r18, 0x01	; 1
 2b6:	31 09       	sbc	r19, r1
 2b8:	78 f7       	brcc	.-34     	; 0x298 <write+0x12>
 2ba:	40 9a       	sbi	0x08, 0	; 8
 2bc:	08 95       	ret

000002be <write_cmd>:
 2be:	60 e0       	ldi	r22, 0x00	; 0
 2c0:	0c 94 43 01 	jmp	0x286	; 0x286 <write>

000002c4 <nokia_lcd_init>:
 2c4:	cf 93       	push	r28
 2c6:	df 93       	push	r29
 2c8:	38 9a       	sbi	0x07, 0	; 7
 2ca:	39 9a       	sbi	0x07, 1	; 7
 2cc:	3a 9a       	sbi	0x07, 2	; 7
 2ce:	3b 9a       	sbi	0x07, 3	; 7
 2d0:	3c 9a       	sbi	0x07, 4	; 7
 2d2:	41 9a       	sbi	0x08, 1	; 8
 2d4:	40 9a       	sbi	0x08, 0	; 8
 2d6:	8f e3       	ldi	r24, 0x3F	; 63
 2d8:	9c e9       	ldi	r25, 0x9C	; 156
 2da:	01 97       	sbiw	r24, 0x01	; 1
 2dc:	f1 f7       	brne	.-4      	; 0x2da <nokia_lcd_init+0x16>
 2de:	00 c0       	rjmp	.+0      	; 0x2e0 <nokia_lcd_init+0x1c>
 2e0:	00 00       	nop
 2e2:	41 98       	cbi	0x08, 1	; 8
 2e4:	9f ef       	ldi	r25, 0xFF	; 255
 2e6:	2a e6       	ldi	r18, 0x6A	; 106
 2e8:	83 e0       	ldi	r24, 0x03	; 3
 2ea:	91 50       	subi	r25, 0x01	; 1
 2ec:	20 40       	sbci	r18, 0x00	; 0
 2ee:	80 40       	sbci	r24, 0x00	; 0
 2f0:	e1 f7       	brne	.-8      	; 0x2ea <nokia_lcd_init+0x26>
 2f2:	00 c0       	rjmp	.+0      	; 0x2f4 <nokia_lcd_init+0x30>
 2f4:	00 00       	nop
 2f6:	41 9a       	sbi	0x08, 1	; 8
 2f8:	40 98       	cbi	0x08, 0	; 8
 2fa:	81 e2       	ldi	r24, 0x21	; 33
 2fc:	0e 94 5f 01 	call	0x2be	; 0x2be <write_cmd>
 300:	83 e1       	ldi	r24, 0x13	; 19
 302:	0e 94 5f 01 	call	0x2be	; 0x2be <write_cmd>
 306:	86 e0       	ldi	r24, 0x06	; 6
 308:	0e 94 5f 01 	call	0x2be	; 0x2be <write_cmd>
 30c:	82 ec       	ldi	r24, 0xC2	; 194
 30e:	0e 94 5f 01 	call	0x2be	; 0x2be <write_cmd>
 312:	80 e2       	ldi	r24, 0x20	; 32
 314:	0e 94 5f 01 	call	0x2be	; 0x2be <write_cmd>
 318:	89 e0       	ldi	r24, 0x09	; 9
 31a:	0e 94 5f 01 	call	0x2be	; 0x2be <write_cmd>
 31e:	80 e8       	ldi	r24, 0x80	; 128
 320:	0e 94 5f 01 	call	0x2be	; 0x2be <write_cmd>
 324:	80 e4       	ldi	r24, 0x40	; 64
 326:	0e 94 5f 01 	call	0x2be	; 0x2be <write_cmd>
 32a:	c8 ef       	ldi	r28, 0xF8	; 248
 32c:	d1 e0       	ldi	r29, 0x01	; 1
 32e:	61 e0       	ldi	r22, 0x01	; 1
 330:	80 e0       	ldi	r24, 0x00	; 0
 332:	0e 94 43 01 	call	0x286	; 0x286 <write>
 336:	21 97       	sbiw	r28, 0x01	; 1
 338:	d1 f7       	brne	.-12     	; 0x32e <nokia_lcd_init+0x6a>
 33a:	88 e0       	ldi	r24, 0x08	; 8
 33c:	0e 94 5f 01 	call	0x2be	; 0x2be <write_cmd>
 340:	8c e0       	ldi	r24, 0x0C	; 12
 342:	df 91       	pop	r29
 344:	cf 91       	pop	r28
 346:	0c 94 5f 01 	jmp	0x2be	; 0x2be <write_cmd>

0000034a <nokia_lcd_clear>:
 34a:	80 e8       	ldi	r24, 0x80	; 128
 34c:	0e 94 5f 01 	call	0x2be	; 0x2be <write_cmd>
 350:	80 e4       	ldi	r24, 0x40	; 64
 352:	0e 94 5f 01 	call	0x2be	; 0x2be <write_cmd>
 356:	10 92 fe 02 	sts	0x02FE, r1	; 0x8002fe <__data_end+0x1f8>
 35a:	10 92 ff 02 	sts	0x02FF, r1	; 0x8002ff <__data_end+0x1f9>
 35e:	88 ef       	ldi	r24, 0xF8	; 248
 360:	91 e0       	ldi	r25, 0x01	; 1
 362:	e6 e0       	ldi	r30, 0x06	; 6
 364:	f1 e0       	ldi	r31, 0x01	; 1
 366:	df 01       	movw	r26, r30
 368:	9c 01       	movw	r18, r24
 36a:	1d 92       	st	X+, r1
 36c:	21 50       	subi	r18, 0x01	; 1
 36e:	30 40       	sbci	r19, 0x00	; 0
 370:	e1 f7       	brne	.-8      	; 0x36a <nokia_lcd_clear+0x20>
 372:	08 95       	ret

00000374 <nokia_lcd_power>:
 374:	81 11       	cpse	r24, r1
 376:	02 c0       	rjmp	.+4      	; 0x37c <nokia_lcd_power+0x8>
 378:	84 e2       	ldi	r24, 0x24	; 36
 37a:	01 c0       	rjmp	.+2      	; 0x37e <nokia_lcd_power+0xa>
 37c:	80 e2       	ldi	r24, 0x20	; 32
 37e:	0c 94 5f 01 	jmp	0x2be	; 0x2be <write_cmd>

00000382 <nokia_lcd_set_pixel>:
 382:	96 2f       	mov	r25, r22
 384:	96 95       	lsr	r25
 386:	96 95       	lsr	r25
 388:	96 95       	lsr	r25
 38a:	e8 2f       	mov	r30, r24
 38c:	f0 e0       	ldi	r31, 0x00	; 0
 38e:	84 e5       	ldi	r24, 0x54	; 84
 390:	98 9f       	mul	r25, r24
 392:	e0 0d       	add	r30, r0
 394:	f1 1d       	adc	r31, r1
 396:	11 24       	eor	r1, r1
 398:	ea 5f       	subi	r30, 0xFA	; 250
 39a:	fe 4f       	sbci	r31, 0xFE	; 254
 39c:	67 70       	andi	r22, 0x07	; 7
 39e:	81 e0       	ldi	r24, 0x01	; 1
 3a0:	90 e0       	ldi	r25, 0x00	; 0
 3a2:	01 c0       	rjmp	.+2      	; 0x3a6 <nokia_lcd_set_pixel+0x24>
 3a4:	88 0f       	add	r24, r24
 3a6:	6a 95       	dec	r22
 3a8:	ea f7       	brpl	.-6      	; 0x3a4 <nokia_lcd_set_pixel+0x22>
 3aa:	44 23       	and	r20, r20
 3ac:	19 f0       	breq	.+6      	; 0x3b4 <nokia_lcd_set_pixel+0x32>
 3ae:	90 81       	ld	r25, Z
 3b0:	89 2b       	or	r24, r25
 3b2:	03 c0       	rjmp	.+6      	; 0x3ba <nokia_lcd_set_pixel+0x38>
 3b4:	80 95       	com	r24
 3b6:	90 81       	ld	r25, Z
 3b8:	89 23       	and	r24, r25
 3ba:	80 83       	st	Z, r24
 3bc:	08 95       	ret

000003be <nokia_lcd_write_char>:
 3be:	8f 92       	push	r8
 3c0:	9f 92       	push	r9
 3c2:	af 92       	push	r10
 3c4:	bf 92       	push	r11
 3c6:	df 92       	push	r13
 3c8:	ef 92       	push	r14
 3ca:	ff 92       	push	r15
 3cc:	0f 93       	push	r16
 3ce:	1f 93       	push	r17
 3d0:	cf 93       	push	r28
 3d2:	df 93       	push	r29
 3d4:	00 d0       	rcall	.+0      	; 0x3d6 <nokia_lcd_write_char+0x18>
 3d6:	00 d0       	rcall	.+0      	; 0x3d8 <nokia_lcd_write_char+0x1a>
 3d8:	1f 92       	push	r1
 3da:	cd b7       	in	r28, 0x3d	; 61
 3dc:	de b7       	in	r29, 0x3e	; 62
 3de:	f6 2e       	mov	r15, r22
 3e0:	28 2f       	mov	r18, r24
 3e2:	08 2e       	mov	r0, r24
 3e4:	00 0c       	add	r0, r0
 3e6:	33 0b       	sbc	r19, r19
 3e8:	80 32       	cpi	r24, 0x20	; 32
 3ea:	6c f0       	brlt	.+26     	; 0x406 <__EEPROM_REGION_LENGTH__+0x6>
 3ec:	20 52       	subi	r18, 0x20	; 32
 3ee:	31 09       	sbc	r19, r1
 3f0:	85 e0       	ldi	r24, 0x05	; 5
 3f2:	82 9f       	mul	r24, r18
 3f4:	b0 01       	movw	r22, r0
 3f6:	83 9f       	mul	r24, r19
 3f8:	70 0d       	add	r23, r0
 3fa:	11 24       	eor	r1, r1
 3fc:	68 59       	subi	r22, 0x98	; 152
 3fe:	7f 4f       	sbci	r23, 0xFF	; 255
 400:	45 e0       	ldi	r20, 0x05	; 5
 402:	50 e0       	ldi	r21, 0x00	; 0
 404:	0e c0       	rjmp	.+28     	; 0x422 <__EEPROM_REGION_LENGTH__+0x22>
 406:	22 0f       	add	r18, r18
 408:	33 1f       	adc	r19, r19
 40a:	f9 01       	movw	r30, r18
 40c:	e0 50       	subi	r30, 0x00	; 0
 40e:	fd 4f       	sbci	r31, 0xFD	; 253
 410:	00 81       	ld	r16, Z
 412:	11 81       	ldd	r17, Z+1	; 0x01
 414:	01 15       	cp	r16, r1
 416:	11 05       	cpc	r17, r1
 418:	59 f4       	brne	.+22     	; 0x430 <__EEPROM_REGION_LENGTH__+0x30>
 41a:	45 e0       	ldi	r20, 0x05	; 5
 41c:	50 e0       	ldi	r21, 0x00	; 0
 41e:	68 e6       	ldi	r22, 0x68	; 104
 420:	70 e0       	ldi	r23, 0x00	; 0
 422:	ce 01       	movw	r24, r28
 424:	01 96       	adiw	r24, 0x01	; 1
 426:	0e 94 ef 05 	call	0xbde	; 0xbde <memcpy_P>
 42a:	8e 01       	movw	r16, r28
 42c:	0f 5f       	subi	r16, 0xFF	; 255
 42e:	1f 4f       	sbci	r17, 0xFF	; 255
 430:	85 e0       	ldi	r24, 0x05	; 5
 432:	f8 9e       	mul	r15, r24
 434:	50 01       	movw	r10, r0
 436:	11 24       	eor	r1, r1
 438:	97 e0       	ldi	r25, 0x07	; 7
 43a:	f9 9e       	mul	r15, r25
 43c:	40 01       	movw	r8, r0
 43e:	11 24       	eor	r1, r1
 440:	d1 2c       	mov	r13, r1
 442:	8d 2d       	mov	r24, r13
 444:	90 e0       	ldi	r25, 0x00	; 0
 446:	8a 15       	cp	r24, r10
 448:	9b 05       	cpc	r25, r11
 44a:	44 f5       	brge	.+80     	; 0x49c <__EEPROM_REGION_LENGTH__+0x9c>
 44c:	e1 2c       	mov	r14, r1
 44e:	8e 2d       	mov	r24, r14
 450:	90 e0       	ldi	r25, 0x00	; 0
 452:	88 15       	cp	r24, r8
 454:	99 05       	cpc	r25, r9
 456:	04 f5       	brge	.+64     	; 0x498 <__EEPROM_REGION_LENGTH__+0x98>
 458:	8d 2d       	mov	r24, r13
 45a:	6f 2d       	mov	r22, r15
 45c:	0e 94 1e 04 	call	0x83c	; 0x83c <__udivmodqi4>
 460:	f8 01       	movw	r30, r16
 462:	e8 0f       	add	r30, r24
 464:	f1 1d       	adc	r31, r1
 466:	20 81       	ld	r18, Z
 468:	30 e0       	ldi	r19, 0x00	; 0
 46a:	8e 2d       	mov	r24, r14
 46c:	0e 94 1e 04 	call	0x83c	; 0x83c <__udivmodqi4>
 470:	02 c0       	rjmp	.+4      	; 0x476 <__EEPROM_REGION_LENGTH__+0x76>
 472:	35 95       	asr	r19
 474:	27 95       	ror	r18
 476:	8a 95       	dec	r24
 478:	e2 f7       	brpl	.-8      	; 0x472 <__EEPROM_REGION_LENGTH__+0x72>
 47a:	60 91 ff 02 	lds	r22, 0x02FF	; 0x8002ff <__data_end+0x1f9>
 47e:	80 91 fe 02 	lds	r24, 0x02FE	; 0x8002fe <__data_end+0x1f8>
 482:	6e 0d       	add	r22, r14
 484:	20 ff       	sbrs	r18, 0
 486:	02 c0       	rjmp	.+4      	; 0x48c <__EEPROM_REGION_LENGTH__+0x8c>
 488:	41 e0       	ldi	r20, 0x01	; 1
 48a:	01 c0       	rjmp	.+2      	; 0x48e <__EEPROM_REGION_LENGTH__+0x8e>
 48c:	40 e0       	ldi	r20, 0x00	; 0
 48e:	8d 0d       	add	r24, r13
 490:	0e 94 c1 01 	call	0x382	; 0x382 <nokia_lcd_set_pixel>
 494:	e3 94       	inc	r14
 496:	db cf       	rjmp	.-74     	; 0x44e <__EEPROM_REGION_LENGTH__+0x4e>
 498:	d3 94       	inc	r13
 49a:	d3 cf       	rjmp	.-90     	; 0x442 <__EEPROM_REGION_LENGTH__+0x42>
 49c:	80 91 fe 02 	lds	r24, 0x02FE	; 0x8002fe <__data_end+0x1f8>
 4a0:	91 e0       	ldi	r25, 0x01	; 1
 4a2:	98 0f       	add	r25, r24
 4a4:	8f 2d       	mov	r24, r15
 4a6:	88 0f       	add	r24, r24
 4a8:	88 0f       	add	r24, r24
 4aa:	8f 0d       	add	r24, r15
 4ac:	89 0f       	add	r24, r25
 4ae:	84 35       	cpi	r24, 0x54	; 84
 4b0:	18 f4       	brcc	.+6      	; 0x4b8 <__EEPROM_REGION_LENGTH__+0xb8>
 4b2:	80 93 fe 02 	sts	0x02FE, r24	; 0x8002fe <__data_end+0x1f8>
 4b6:	0b c0       	rjmp	.+22     	; 0x4ce <__EEPROM_REGION_LENGTH__+0xce>
 4b8:	10 92 fe 02 	sts	0x02FE, r1	; 0x8002fe <__data_end+0x1f8>
 4bc:	80 91 ff 02 	lds	r24, 0x02FF	; 0x8002ff <__data_end+0x1f9>
 4c0:	8f 5f       	subi	r24, 0xFF	; 255
 4c2:	97 e0       	ldi	r25, 0x07	; 7
 4c4:	f9 9e       	mul	r15, r25
 4c6:	80 0d       	add	r24, r0
 4c8:	11 24       	eor	r1, r1
 4ca:	80 93 ff 02 	sts	0x02FF, r24	; 0x8002ff <__data_end+0x1f9>
 4ce:	80 91 ff 02 	lds	r24, 0x02FF	; 0x8002ff <__data_end+0x1f9>
 4d2:	80 33       	cpi	r24, 0x30	; 48
 4d4:	20 f0       	brcs	.+8      	; 0x4de <__EEPROM_REGION_LENGTH__+0xde>
 4d6:	10 92 fe 02 	sts	0x02FE, r1	; 0x8002fe <__data_end+0x1f8>
 4da:	10 92 ff 02 	sts	0x02FF, r1	; 0x8002ff <__data_end+0x1f9>
 4de:	0f 90       	pop	r0
 4e0:	0f 90       	pop	r0
 4e2:	0f 90       	pop	r0
 4e4:	0f 90       	pop	r0
 4e6:	0f 90       	pop	r0
 4e8:	df 91       	pop	r29
 4ea:	cf 91       	pop	r28
 4ec:	1f 91       	pop	r17
 4ee:	0f 91       	pop	r16
 4f0:	ff 90       	pop	r15
 4f2:	ef 90       	pop	r14
 4f4:	df 90       	pop	r13
 4f6:	bf 90       	pop	r11
 4f8:	af 90       	pop	r10
 4fa:	9f 90       	pop	r9
 4fc:	8f 90       	pop	r8
 4fe:	08 95       	ret

00000500 <nokia_lcd_custom>:
 500:	80 32       	cpi	r24, 0x20	; 32
 502:	3c f4       	brge	.+14     	; 0x512 <nokia_lcd_custom+0x12>
 504:	e8 2f       	mov	r30, r24
 506:	ee 0f       	add	r30, r30
 508:	ff 0b       	sbc	r31, r31
 50a:	e0 50       	subi	r30, 0x00	; 0
 50c:	fd 4f       	sbci	r31, 0xFD	; 253
 50e:	71 83       	std	Z+1, r23	; 0x01
 510:	60 83       	st	Z, r22
 512:	08 95       	ret

00000514 <nokia_lcd_write_string>:
 514:	1f 93       	push	r17
 516:	cf 93       	push	r28
 518:	df 93       	push	r29
 51a:	16 2f       	mov	r17, r22
 51c:	ec 01       	movw	r28, r24
 51e:	89 91       	ld	r24, Y+
 520:	88 23       	and	r24, r24
 522:	21 f0       	breq	.+8      	; 0x52c <nokia_lcd_write_string+0x18>
 524:	61 2f       	mov	r22, r17
 526:	0e 94 df 01 	call	0x3be	; 0x3be <nokia_lcd_write_char>
 52a:	f9 cf       	rjmp	.-14     	; 0x51e <nokia_lcd_write_string+0xa>
 52c:	df 91       	pop	r29
 52e:	cf 91       	pop	r28
 530:	1f 91       	pop	r17
 532:	08 95       	ret

00000534 <nokia_lcd_set_cursor>:
 534:	80 93 fe 02 	sts	0x02FE, r24	; 0x8002fe <__data_end+0x1f8>
 538:	60 93 ff 02 	sts	0x02FF, r22	; 0x8002ff <__data_end+0x1f9>
 53c:	08 95       	ret

0000053e <nokia_lcd_render>:
 53e:	cf 93       	push	r28
 540:	df 93       	push	r29
 542:	80 e8       	ldi	r24, 0x80	; 128
 544:	0e 94 5f 01 	call	0x2be	; 0x2be <write_cmd>
 548:	80 e4       	ldi	r24, 0x40	; 64
 54a:	0e 94 5f 01 	call	0x2be	; 0x2be <write_cmd>
 54e:	c6 e0       	ldi	r28, 0x06	; 6
 550:	d1 e0       	ldi	r29, 0x01	; 1
 552:	61 e0       	ldi	r22, 0x01	; 1
 554:	89 91       	ld	r24, Y+
 556:	0e 94 43 01 	call	0x286	; 0x286 <write>
 55a:	82 e0       	ldi	r24, 0x02	; 2
 55c:	ce 3f       	cpi	r28, 0xFE	; 254
 55e:	d8 07       	cpc	r29, r24
 560:	c1 f7       	brne	.-16     	; 0x552 <nokia_lcd_render+0x14>
 562:	df 91       	pop	r29
 564:	cf 91       	pop	r28
 566:	08 95       	ret

00000568 <nokia_lcd_drawline>:
 568:	4f 92       	push	r4
 56a:	5f 92       	push	r5
 56c:	6f 92       	push	r6
 56e:	7f 92       	push	r7
 570:	8f 92       	push	r8
 572:	9f 92       	push	r9
 574:	af 92       	push	r10
 576:	bf 92       	push	r11
 578:	cf 92       	push	r12
 57a:	df 92       	push	r13
 57c:	ef 92       	push	r14
 57e:	ff 92       	push	r15
 580:	cf 93       	push	r28
 582:	df 93       	push	r29
 584:	cd b7       	in	r28, 0x3d	; 61
 586:	de b7       	in	r29, 0x3e	; 62
 588:	2e 97       	sbiw	r28, 0x0e	; 14
 58a:	0f b6       	in	r0, 0x3f	; 63
 58c:	f8 94       	cli
 58e:	de bf       	out	0x3e, r29	; 62
 590:	0f be       	out	0x3f, r0	; 63
 592:	cd bf       	out	0x3d, r28	; 61
 594:	8d 87       	std	Y+13, r24	; 0x0d
 596:	69 87       	std	Y+9, r22	; 0x09
 598:	f2 2e       	mov	r15, r18
 59a:	64 2f       	mov	r22, r20
 59c:	70 e0       	ldi	r23, 0x00	; 0
 59e:	68 1b       	sub	r22, r24
 5a0:	71 09       	sbc	r23, r1
 5a2:	07 2e       	mov	r0, r23
 5a4:	00 0c       	add	r0, r0
 5a6:	88 0b       	sbc	r24, r24
 5a8:	99 0b       	sbc	r25, r25
 5aa:	0e 94 3a 05 	call	0xa74	; 0xa74 <__floatsisf>
 5ae:	4b 01       	movw	r8, r22
 5b0:	5c 01       	movw	r10, r24
 5b2:	6f 2d       	mov	r22, r15
 5b4:	70 e0       	ldi	r23, 0x00	; 0
 5b6:	29 85       	ldd	r18, Y+9	; 0x09
 5b8:	62 1b       	sub	r22, r18
 5ba:	71 09       	sbc	r23, r1
 5bc:	07 2e       	mov	r0, r23
 5be:	00 0c       	add	r0, r0
 5c0:	88 0b       	sbc	r24, r24
 5c2:	99 0b       	sbc	r25, r25
 5c4:	0e 94 3a 05 	call	0xa74	; 0xa74 <__floatsisf>
 5c8:	6b 01       	movw	r12, r22
 5ca:	7c 01       	movw	r14, r24
 5cc:	24 01       	movw	r4, r8
 5ce:	35 01       	movw	r6, r10
 5d0:	e8 94       	clt
 5d2:	77 f8       	bld	r7, 7
 5d4:	dc 01       	movw	r26, r24
 5d6:	cb 01       	movw	r24, r22
 5d8:	bf 77       	andi	r27, 0x7F	; 127
 5da:	89 83       	std	Y+1, r24	; 0x01
 5dc:	9a 83       	std	Y+2, r25	; 0x02
 5de:	ab 83       	std	Y+3, r26	; 0x03
 5e0:	bc 83       	std	Y+4, r27	; 0x04
 5e2:	9c 01       	movw	r18, r24
 5e4:	ad 01       	movw	r20, r26
 5e6:	c3 01       	movw	r24, r6
 5e8:	b2 01       	movw	r22, r4
 5ea:	0e 94 c6 05 	call	0xb8c	; 0xb8c <__gesf2>
 5ee:	87 ff       	sbrs	r24, 7
 5f0:	04 c0       	rjmp	.+8      	; 0x5fa <nokia_lcd_drawline+0x92>
 5f2:	49 80       	ldd	r4, Y+1	; 0x01
 5f4:	5a 80       	ldd	r5, Y+2	; 0x02
 5f6:	6b 80       	ldd	r6, Y+3	; 0x03
 5f8:	7c 80       	ldd	r7, Y+4	; 0x04
 5fa:	a3 01       	movw	r20, r6
 5fc:	92 01       	movw	r18, r4
 5fe:	c5 01       	movw	r24, r10
 600:	b4 01       	movw	r22, r8
 602:	0e 94 97 04 	call	0x92e	; 0x92e <__divsf3>
 606:	69 83       	std	Y+1, r22	; 0x01
 608:	7a 83       	std	Y+2, r23	; 0x02
 60a:	8b 83       	std	Y+3, r24	; 0x03
 60c:	9c 83       	std	Y+4, r25	; 0x04
 60e:	a3 01       	movw	r20, r6
 610:	92 01       	movw	r18, r4
 612:	c7 01       	movw	r24, r14
 614:	b6 01       	movw	r22, r12
 616:	0e 94 97 04 	call	0x92e	; 0x92e <__divsf3>
 61a:	6d 83       	std	Y+5, r22	; 0x05
 61c:	7e 83       	std	Y+6, r23	; 0x06
 61e:	8f 83       	std	Y+7, r24	; 0x07
 620:	98 87       	std	Y+8, r25	; 0x08
 622:	ad 85       	ldd	r26, Y+13	; 0x0d
 624:	6a 2f       	mov	r22, r26
 626:	70 e0       	ldi	r23, 0x00	; 0
 628:	80 e0       	ldi	r24, 0x00	; 0
 62a:	90 e0       	ldi	r25, 0x00	; 0
 62c:	0e 94 38 05 	call	0xa70	; 0xa70 <__floatunsisf>
 630:	6b 01       	movw	r12, r22
 632:	7c 01       	movw	r14, r24
 634:	b9 85       	ldd	r27, Y+9	; 0x09
 636:	6b 2f       	mov	r22, r27
 638:	70 e0       	ldi	r23, 0x00	; 0
 63a:	80 e0       	ldi	r24, 0x00	; 0
 63c:	90 e0       	ldi	r25, 0x00	; 0
 63e:	0e 94 38 05 	call	0xa70	; 0xa70 <__floatunsisf>
 642:	4b 01       	movw	r8, r22
 644:	5c 01       	movw	r10, r24
 646:	21 e0       	ldi	r18, 0x01	; 1
 648:	30 e0       	ldi	r19, 0x00	; 0
 64a:	3e 87       	std	Y+14, r19	; 0x0e
 64c:	2d 87       	std	Y+13, r18	; 0x0d
 64e:	ad 85       	ldd	r26, Y+13	; 0x0d
 650:	be 85       	ldd	r27, Y+14	; 0x0e
 652:	bd 01       	movw	r22, r26
 654:	bb 0f       	add	r27, r27
 656:	88 0b       	sbc	r24, r24
 658:	99 0b       	sbc	r25, r25
 65a:	0e 94 3a 05 	call	0xa74	; 0xa74 <__floatsisf>
 65e:	9b 01       	movw	r18, r22
 660:	ac 01       	movw	r20, r24
 662:	c3 01       	movw	r24, r6
 664:	b2 01       	movw	r22, r4
 666:	0e 94 c6 05 	call	0xb8c	; 0xb8c <__gesf2>
 66a:	87 fd       	sbrc	r24, 7
 66c:	2c c0       	rjmp	.+88     	; 0x6c6 <nokia_lcd_drawline+0x15e>
 66e:	c5 01       	movw	r24, r10
 670:	b4 01       	movw	r22, r8
 672:	0e 94 09 05 	call	0xa12	; 0xa12 <__fixunssfsi>
 676:	69 87       	std	Y+9, r22	; 0x09
 678:	7a 87       	std	Y+10, r23	; 0x0a
 67a:	8b 87       	std	Y+11, r24	; 0x0b
 67c:	9c 87       	std	Y+12, r25	; 0x0c
 67e:	c7 01       	movw	r24, r14
 680:	b6 01       	movw	r22, r12
 682:	0e 94 09 05 	call	0xa12	; 0xa12 <__fixunssfsi>
 686:	dc 01       	movw	r26, r24
 688:	cb 01       	movw	r24, r22
 68a:	41 e0       	ldi	r20, 0x01	; 1
 68c:	69 85       	ldd	r22, Y+9	; 0x09
 68e:	0e 94 c1 01 	call	0x382	; 0x382 <nokia_lcd_set_pixel>
 692:	29 81       	ldd	r18, Y+1	; 0x01
 694:	3a 81       	ldd	r19, Y+2	; 0x02
 696:	4b 81       	ldd	r20, Y+3	; 0x03
 698:	5c 81       	ldd	r21, Y+4	; 0x04
 69a:	c7 01       	movw	r24, r14
 69c:	b6 01       	movw	r22, r12
 69e:	0e 94 2b 04 	call	0x856	; 0x856 <__addsf3>
 6a2:	6b 01       	movw	r12, r22
 6a4:	7c 01       	movw	r14, r24
 6a6:	2d 81       	ldd	r18, Y+5	; 0x05
 6a8:	3e 81       	ldd	r19, Y+6	; 0x06
 6aa:	4f 81       	ldd	r20, Y+7	; 0x07
 6ac:	58 85       	ldd	r21, Y+8	; 0x08
 6ae:	c5 01       	movw	r24, r10
 6b0:	b4 01       	movw	r22, r8
 6b2:	0e 94 2b 04 	call	0x856	; 0x856 <__addsf3>
 6b6:	4b 01       	movw	r8, r22
 6b8:	5c 01       	movw	r10, r24
 6ba:	8d 85       	ldd	r24, Y+13	; 0x0d
 6bc:	9e 85       	ldd	r25, Y+14	; 0x0e
 6be:	01 96       	adiw	r24, 0x01	; 1
 6c0:	9e 87       	std	Y+14, r25	; 0x0e
 6c2:	8d 87       	std	Y+13, r24	; 0x0d
 6c4:	c4 cf       	rjmp	.-120    	; 0x64e <nokia_lcd_drawline+0xe6>
 6c6:	2e 96       	adiw	r28, 0x0e	; 14
 6c8:	0f b6       	in	r0, 0x3f	; 63
 6ca:	f8 94       	cli
 6cc:	de bf       	out	0x3e, r29	; 62
 6ce:	0f be       	out	0x3f, r0	; 63
 6d0:	cd bf       	out	0x3d, r28	; 61
 6d2:	df 91       	pop	r29
 6d4:	cf 91       	pop	r28
 6d6:	ff 90       	pop	r15
 6d8:	ef 90       	pop	r14
 6da:	df 90       	pop	r13
 6dc:	cf 90       	pop	r12
 6de:	bf 90       	pop	r11
 6e0:	af 90       	pop	r10
 6e2:	9f 90       	pop	r9
 6e4:	8f 90       	pop	r8
 6e6:	7f 90       	pop	r7
 6e8:	6f 90       	pop	r6
 6ea:	5f 90       	pop	r5
 6ec:	4f 90       	pop	r4
 6ee:	08 95       	ret

000006f0 <nokia_lcd_drawrect>:
 6f0:	0f 93       	push	r16
 6f2:	1f 93       	push	r17
 6f4:	cf 93       	push	r28
 6f6:	df 93       	push	r29
 6f8:	c8 2f       	mov	r28, r24
 6fa:	16 2f       	mov	r17, r22
 6fc:	04 2f       	mov	r16, r20
 6fe:	d2 2f       	mov	r29, r18
 700:	26 2f       	mov	r18, r22
 702:	0e 94 b4 02 	call	0x568	; 0x568 <nokia_lcd_drawline>
 706:	2d 2f       	mov	r18, r29
 708:	40 2f       	mov	r20, r16
 70a:	61 2f       	mov	r22, r17
 70c:	80 2f       	mov	r24, r16
 70e:	0e 94 b4 02 	call	0x568	; 0x568 <nokia_lcd_drawline>
 712:	2d 2f       	mov	r18, r29
 714:	4c 2f       	mov	r20, r28
 716:	6d 2f       	mov	r22, r29
 718:	80 2f       	mov	r24, r16
 71a:	0e 94 b4 02 	call	0x568	; 0x568 <nokia_lcd_drawline>
 71e:	21 2f       	mov	r18, r17
 720:	4c 2f       	mov	r20, r28
 722:	6d 2f       	mov	r22, r29
 724:	8c 2f       	mov	r24, r28
 726:	df 91       	pop	r29
 728:	cf 91       	pop	r28
 72a:	1f 91       	pop	r17
 72c:	0f 91       	pop	r16
 72e:	0c 94 b4 02 	jmp	0x568	; 0x568 <nokia_lcd_drawline>

00000732 <nokia_lcd_drawcircle>:
 732:	7f 92       	push	r7
 734:	8f 92       	push	r8
 736:	9f 92       	push	r9
 738:	af 92       	push	r10
 73a:	bf 92       	push	r11
 73c:	cf 92       	push	r12
 73e:	df 92       	push	r13
 740:	ef 92       	push	r14
 742:	ff 92       	push	r15
 744:	0f 93       	push	r16
 746:	1f 93       	push	r17
 748:	cf 93       	push	r28
 74a:	df 93       	push	r29
 74c:	d8 2e       	mov	r13, r24
 74e:	c6 2e       	mov	r12, r22
 750:	c4 2f       	mov	r28, r20
 752:	d0 e0       	ldi	r29, 0x00	; 0
 754:	e1 2c       	mov	r14, r1
 756:	f1 2c       	mov	r15, r1
 758:	00 e0       	ldi	r16, 0x00	; 0
 75a:	10 e0       	ldi	r17, 0x00	; 0
 75c:	41 e0       	ldi	r20, 0x01	; 1
 75e:	ac 2c       	mov	r10, r12
 760:	a0 0e       	add	r10, r16
 762:	6a 2d       	mov	r22, r10
 764:	bc 2e       	mov	r11, r28
 766:	bd 0c       	add	r11, r13
 768:	8b 2d       	mov	r24, r11
 76a:	0e 94 c1 01 	call	0x382	; 0x382 <nokia_lcd_set_pixel>
 76e:	41 e0       	ldi	r20, 0x01	; 1
 770:	8c 2e       	mov	r8, r28
 772:	8c 0c       	add	r8, r12
 774:	68 2d       	mov	r22, r8
 776:	9d 2c       	mov	r9, r13
 778:	90 0e       	add	r9, r16
 77a:	89 2d       	mov	r24, r9
 77c:	0e 94 c1 01 	call	0x382	; 0x382 <nokia_lcd_set_pixel>
 780:	41 e0       	ldi	r20, 0x01	; 1
 782:	68 2d       	mov	r22, r8
 784:	7d 2c       	mov	r7, r13
 786:	70 1a       	sub	r7, r16
 788:	87 2d       	mov	r24, r7
 78a:	0e 94 c1 01 	call	0x382	; 0x382 <nokia_lcd_set_pixel>
 78e:	41 e0       	ldi	r20, 0x01	; 1
 790:	6a 2d       	mov	r22, r10
 792:	8d 2c       	mov	r8, r13
 794:	8c 1a       	sub	r8, r28
 796:	88 2d       	mov	r24, r8
 798:	0e 94 c1 01 	call	0x382	; 0x382 <nokia_lcd_set_pixel>
 79c:	41 e0       	ldi	r20, 0x01	; 1
 79e:	ac 2c       	mov	r10, r12
 7a0:	a0 1a       	sub	r10, r16
 7a2:	6a 2d       	mov	r22, r10
 7a4:	88 2d       	mov	r24, r8
 7a6:	0e 94 c1 01 	call	0x382	; 0x382 <nokia_lcd_set_pixel>
 7aa:	41 e0       	ldi	r20, 0x01	; 1
 7ac:	8c 2c       	mov	r8, r12
 7ae:	8c 1a       	sub	r8, r28
 7b0:	68 2d       	mov	r22, r8
 7b2:	87 2d       	mov	r24, r7
 7b4:	0e 94 c1 01 	call	0x382	; 0x382 <nokia_lcd_set_pixel>
 7b8:	41 e0       	ldi	r20, 0x01	; 1
 7ba:	68 2d       	mov	r22, r8
 7bc:	89 2d       	mov	r24, r9
 7be:	0e 94 c1 01 	call	0x382	; 0x382 <nokia_lcd_set_pixel>
 7c2:	41 e0       	ldi	r20, 0x01	; 1
 7c4:	6a 2d       	mov	r22, r10
 7c6:	8b 2d       	mov	r24, r11
 7c8:	0e 94 c1 01 	call	0x382	; 0x382 <nokia_lcd_set_pixel>
 7cc:	1e 14       	cp	r1, r14
 7ce:	1f 04       	cpc	r1, r15
 7d0:	5c f0       	brlt	.+22     	; 0x7e8 <nokia_lcd_drawcircle+0xb6>
 7d2:	0f 5f       	subi	r16, 0xFF	; 255
 7d4:	1f 4f       	sbci	r17, 0xFF	; 255
 7d6:	c8 01       	movw	r24, r16
 7d8:	88 0f       	add	r24, r24
 7da:	99 1f       	adc	r25, r25
 7dc:	01 96       	adiw	r24, 0x01	; 1
 7de:	e8 0e       	add	r14, r24
 7e0:	f9 1e       	adc	r15, r25
 7e2:	1e 14       	cp	r1, r14
 7e4:	1f 04       	cpc	r1, r15
 7e6:	3c f4       	brge	.+14     	; 0x7f6 <nokia_lcd_drawcircle+0xc4>
 7e8:	21 97       	sbiw	r28, 0x01	; 1
 7ea:	ce 01       	movw	r24, r28
 7ec:	88 0f       	add	r24, r24
 7ee:	99 1f       	adc	r25, r25
 7f0:	01 96       	adiw	r24, 0x01	; 1
 7f2:	e8 1a       	sub	r14, r24
 7f4:	f9 0a       	sbc	r15, r25
 7f6:	c0 17       	cp	r28, r16
 7f8:	d1 07       	cpc	r29, r17
 7fa:	0c f0       	brlt	.+2      	; 0x7fe <nokia_lcd_drawcircle+0xcc>
 7fc:	af cf       	rjmp	.-162    	; 0x75c <nokia_lcd_drawcircle+0x2a>
 7fe:	df 91       	pop	r29
 800:	cf 91       	pop	r28
 802:	1f 91       	pop	r17
 804:	0f 91       	pop	r16
 806:	ff 90       	pop	r15
 808:	ef 90       	pop	r14
 80a:	df 90       	pop	r13
 80c:	cf 90       	pop	r12
 80e:	bf 90       	pop	r11
 810:	af 90       	pop	r10
 812:	9f 90       	pop	r9
 814:	8f 90       	pop	r8
 816:	7f 90       	pop	r7
 818:	08 95       	ret

0000081a <main>:
 81a:	0e 94 62 01 	call	0x2c4	; 0x2c4 <nokia_lcd_init>
 81e:	0e 94 a5 01 	call	0x34a	; 0x34a <nokia_lcd_clear>
 822:	60 e0       	ldi	r22, 0x00	; 0
 824:	71 e0       	ldi	r23, 0x01	; 1
 826:	81 e0       	ldi	r24, 0x01	; 1
 828:	0e 94 80 02 	call	0x500	; 0x500 <nokia_lcd_custom>
 82c:	45 e0       	ldi	r20, 0x05	; 5
 82e:	65 e0       	ldi	r22, 0x05	; 5
 830:	85 e0       	ldi	r24, 0x05	; 5
 832:	0e 94 99 03 	call	0x732	; 0x732 <nokia_lcd_drawcircle>
 836:	0e 94 9f 02 	call	0x53e	; 0x53e <nokia_lcd_render>
 83a:	ff cf       	rjmp	.-2      	; 0x83a <main+0x20>

0000083c <__udivmodqi4>:
 83c:	99 1b       	sub	r25, r25
 83e:	79 e0       	ldi	r23, 0x09	; 9
 840:	04 c0       	rjmp	.+8      	; 0x84a <__udivmodqi4_ep>

00000842 <__udivmodqi4_loop>:
 842:	99 1f       	adc	r25, r25
 844:	96 17       	cp	r25, r22
 846:	08 f0       	brcs	.+2      	; 0x84a <__udivmodqi4_ep>
 848:	96 1b       	sub	r25, r22

0000084a <__udivmodqi4_ep>:
 84a:	88 1f       	adc	r24, r24
 84c:	7a 95       	dec	r23
 84e:	c9 f7       	brne	.-14     	; 0x842 <__udivmodqi4_loop>
 850:	80 95       	com	r24
 852:	08 95       	ret

00000854 <__subsf3>:
 854:	50 58       	subi	r21, 0x80	; 128

00000856 <__addsf3>:
 856:	bb 27       	eor	r27, r27
 858:	aa 27       	eor	r26, r26
 85a:	0e 94 42 04 	call	0x884	; 0x884 <__addsf3x>
 85e:	0c 94 8c 05 	jmp	0xb18	; 0xb18 <__fp_round>
 862:	0e 94 7e 05 	call	0xafc	; 0xafc <__fp_pscA>
 866:	38 f0       	brcs	.+14     	; 0x876 <__addsf3+0x20>
 868:	0e 94 85 05 	call	0xb0a	; 0xb0a <__fp_pscB>
 86c:	20 f0       	brcs	.+8      	; 0x876 <__addsf3+0x20>
 86e:	39 f4       	brne	.+14     	; 0x87e <__addsf3+0x28>
 870:	9f 3f       	cpi	r25, 0xFF	; 255
 872:	19 f4       	brne	.+6      	; 0x87a <__addsf3+0x24>
 874:	26 f4       	brtc	.+8      	; 0x87e <__addsf3+0x28>
 876:	0c 94 7b 05 	jmp	0xaf6	; 0xaf6 <__fp_nan>
 87a:	0e f4       	brtc	.+2      	; 0x87e <__addsf3+0x28>
 87c:	e0 95       	com	r30
 87e:	e7 fb       	bst	r30, 7
 880:	0c 94 75 05 	jmp	0xaea	; 0xaea <__fp_inf>

00000884 <__addsf3x>:
 884:	e9 2f       	mov	r30, r25
 886:	0e 94 9d 05 	call	0xb3a	; 0xb3a <__fp_split3>
 88a:	58 f3       	brcs	.-42     	; 0x862 <__addsf3+0xc>
 88c:	ba 17       	cp	r27, r26
 88e:	62 07       	cpc	r22, r18
 890:	73 07       	cpc	r23, r19
 892:	84 07       	cpc	r24, r20
 894:	95 07       	cpc	r25, r21
 896:	20 f0       	brcs	.+8      	; 0x8a0 <__addsf3x+0x1c>
 898:	79 f4       	brne	.+30     	; 0x8b8 <__addsf3x+0x34>
 89a:	a6 f5       	brtc	.+104    	; 0x904 <__stack+0x5>
 89c:	0c 94 bf 05 	jmp	0xb7e	; 0xb7e <__fp_zero>
 8a0:	0e f4       	brtc	.+2      	; 0x8a4 <__addsf3x+0x20>
 8a2:	e0 95       	com	r30
 8a4:	0b 2e       	mov	r0, r27
 8a6:	ba 2f       	mov	r27, r26
 8a8:	a0 2d       	mov	r26, r0
 8aa:	0b 01       	movw	r0, r22
 8ac:	b9 01       	movw	r22, r18
 8ae:	90 01       	movw	r18, r0
 8b0:	0c 01       	movw	r0, r24
 8b2:	ca 01       	movw	r24, r20
 8b4:	a0 01       	movw	r20, r0
 8b6:	11 24       	eor	r1, r1
 8b8:	ff 27       	eor	r31, r31
 8ba:	59 1b       	sub	r21, r25
 8bc:	99 f0       	breq	.+38     	; 0x8e4 <__addsf3x+0x60>
 8be:	59 3f       	cpi	r21, 0xF9	; 249
 8c0:	50 f4       	brcc	.+20     	; 0x8d6 <__addsf3x+0x52>
 8c2:	50 3e       	cpi	r21, 0xE0	; 224
 8c4:	68 f1       	brcs	.+90     	; 0x920 <__stack+0x21>
 8c6:	1a 16       	cp	r1, r26
 8c8:	f0 40       	sbci	r31, 0x00	; 0
 8ca:	a2 2f       	mov	r26, r18
 8cc:	23 2f       	mov	r18, r19
 8ce:	34 2f       	mov	r19, r20
 8d0:	44 27       	eor	r20, r20
 8d2:	58 5f       	subi	r21, 0xF8	; 248
 8d4:	f3 cf       	rjmp	.-26     	; 0x8bc <__addsf3x+0x38>
 8d6:	46 95       	lsr	r20
 8d8:	37 95       	ror	r19
 8da:	27 95       	ror	r18
 8dc:	a7 95       	ror	r26
 8de:	f0 40       	sbci	r31, 0x00	; 0
 8e0:	53 95       	inc	r21
 8e2:	c9 f7       	brne	.-14     	; 0x8d6 <__addsf3x+0x52>
 8e4:	7e f4       	brtc	.+30     	; 0x904 <__stack+0x5>
 8e6:	1f 16       	cp	r1, r31
 8e8:	ba 0b       	sbc	r27, r26
 8ea:	62 0b       	sbc	r22, r18
 8ec:	73 0b       	sbc	r23, r19
 8ee:	84 0b       	sbc	r24, r20
 8f0:	ba f0       	brmi	.+46     	; 0x920 <__stack+0x21>
 8f2:	91 50       	subi	r25, 0x01	; 1
 8f4:	a1 f0       	breq	.+40     	; 0x91e <__stack+0x1f>
 8f6:	ff 0f       	add	r31, r31
 8f8:	bb 1f       	adc	r27, r27
 8fa:	66 1f       	adc	r22, r22
 8fc:	77 1f       	adc	r23, r23
 8fe:	88 1f       	adc	r24, r24
 900:	c2 f7       	brpl	.-16     	; 0x8f2 <__addsf3x+0x6e>
 902:	0e c0       	rjmp	.+28     	; 0x920 <__stack+0x21>
 904:	ba 0f       	add	r27, r26
 906:	62 1f       	adc	r22, r18
 908:	73 1f       	adc	r23, r19
 90a:	84 1f       	adc	r24, r20
 90c:	48 f4       	brcc	.+18     	; 0x920 <__stack+0x21>
 90e:	87 95       	ror	r24
 910:	77 95       	ror	r23
 912:	67 95       	ror	r22
 914:	b7 95       	ror	r27
 916:	f7 95       	ror	r31
 918:	9e 3f       	cpi	r25, 0xFE	; 254
 91a:	08 f0       	brcs	.+2      	; 0x91e <__stack+0x1f>
 91c:	b0 cf       	rjmp	.-160    	; 0x87e <__addsf3+0x28>
 91e:	93 95       	inc	r25
 920:	88 0f       	add	r24, r24
 922:	08 f0       	brcs	.+2      	; 0x926 <__stack+0x27>
 924:	99 27       	eor	r25, r25
 926:	ee 0f       	add	r30, r30
 928:	97 95       	ror	r25
 92a:	87 95       	ror	r24
 92c:	08 95       	ret

0000092e <__divsf3>:
 92e:	0e 94 ab 04 	call	0x956	; 0x956 <__divsf3x>
 932:	0c 94 8c 05 	jmp	0xb18	; 0xb18 <__fp_round>
 936:	0e 94 85 05 	call	0xb0a	; 0xb0a <__fp_pscB>
 93a:	58 f0       	brcs	.+22     	; 0x952 <__divsf3+0x24>
 93c:	0e 94 7e 05 	call	0xafc	; 0xafc <__fp_pscA>
 940:	40 f0       	brcs	.+16     	; 0x952 <__divsf3+0x24>
 942:	29 f4       	brne	.+10     	; 0x94e <__divsf3+0x20>
 944:	5f 3f       	cpi	r21, 0xFF	; 255
 946:	29 f0       	breq	.+10     	; 0x952 <__divsf3+0x24>
 948:	0c 94 75 05 	jmp	0xaea	; 0xaea <__fp_inf>
 94c:	51 11       	cpse	r21, r1
 94e:	0c 94 c0 05 	jmp	0xb80	; 0xb80 <__fp_szero>
 952:	0c 94 7b 05 	jmp	0xaf6	; 0xaf6 <__fp_nan>

00000956 <__divsf3x>:
 956:	0e 94 9d 05 	call	0xb3a	; 0xb3a <__fp_split3>
 95a:	68 f3       	brcs	.-38     	; 0x936 <__divsf3+0x8>

0000095c <__divsf3_pse>:
 95c:	99 23       	and	r25, r25
 95e:	b1 f3       	breq	.-20     	; 0x94c <__divsf3+0x1e>
 960:	55 23       	and	r21, r21
 962:	91 f3       	breq	.-28     	; 0x948 <__divsf3+0x1a>
 964:	95 1b       	sub	r25, r21
 966:	55 0b       	sbc	r21, r21
 968:	bb 27       	eor	r27, r27
 96a:	aa 27       	eor	r26, r26
 96c:	62 17       	cp	r22, r18
 96e:	73 07       	cpc	r23, r19
 970:	84 07       	cpc	r24, r20
 972:	38 f0       	brcs	.+14     	; 0x982 <__divsf3_pse+0x26>
 974:	9f 5f       	subi	r25, 0xFF	; 255
 976:	5f 4f       	sbci	r21, 0xFF	; 255
 978:	22 0f       	add	r18, r18
 97a:	33 1f       	adc	r19, r19
 97c:	44 1f       	adc	r20, r20
 97e:	aa 1f       	adc	r26, r26
 980:	a9 f3       	breq	.-22     	; 0x96c <__divsf3_pse+0x10>
 982:	35 d0       	rcall	.+106    	; 0x9ee <__divsf3_pse+0x92>
 984:	0e 2e       	mov	r0, r30
 986:	3a f0       	brmi	.+14     	; 0x996 <__divsf3_pse+0x3a>
 988:	e0 e8       	ldi	r30, 0x80	; 128
 98a:	32 d0       	rcall	.+100    	; 0x9f0 <__divsf3_pse+0x94>
 98c:	91 50       	subi	r25, 0x01	; 1
 98e:	50 40       	sbci	r21, 0x00	; 0
 990:	e6 95       	lsr	r30
 992:	00 1c       	adc	r0, r0
 994:	ca f7       	brpl	.-14     	; 0x988 <__divsf3_pse+0x2c>
 996:	2b d0       	rcall	.+86     	; 0x9ee <__divsf3_pse+0x92>
 998:	fe 2f       	mov	r31, r30
 99a:	29 d0       	rcall	.+82     	; 0x9ee <__divsf3_pse+0x92>
 99c:	66 0f       	add	r22, r22
 99e:	77 1f       	adc	r23, r23
 9a0:	88 1f       	adc	r24, r24
 9a2:	bb 1f       	adc	r27, r27
 9a4:	26 17       	cp	r18, r22
 9a6:	37 07       	cpc	r19, r23
 9a8:	48 07       	cpc	r20, r24
 9aa:	ab 07       	cpc	r26, r27
 9ac:	b0 e8       	ldi	r27, 0x80	; 128
 9ae:	09 f0       	breq	.+2      	; 0x9b2 <__divsf3_pse+0x56>
 9b0:	bb 0b       	sbc	r27, r27
 9b2:	80 2d       	mov	r24, r0
 9b4:	bf 01       	movw	r22, r30
 9b6:	ff 27       	eor	r31, r31
 9b8:	93 58       	subi	r25, 0x83	; 131
 9ba:	5f 4f       	sbci	r21, 0xFF	; 255
 9bc:	3a f0       	brmi	.+14     	; 0x9cc <__divsf3_pse+0x70>
 9be:	9e 3f       	cpi	r25, 0xFE	; 254
 9c0:	51 05       	cpc	r21, r1
 9c2:	78 f0       	brcs	.+30     	; 0x9e2 <__divsf3_pse+0x86>
 9c4:	0c 94 75 05 	jmp	0xaea	; 0xaea <__fp_inf>
 9c8:	0c 94 c0 05 	jmp	0xb80	; 0xb80 <__fp_szero>
 9cc:	5f 3f       	cpi	r21, 0xFF	; 255
 9ce:	e4 f3       	brlt	.-8      	; 0x9c8 <__divsf3_pse+0x6c>
 9d0:	98 3e       	cpi	r25, 0xE8	; 232
 9d2:	d4 f3       	brlt	.-12     	; 0x9c8 <__divsf3_pse+0x6c>
 9d4:	86 95       	lsr	r24
 9d6:	77 95       	ror	r23
 9d8:	67 95       	ror	r22
 9da:	b7 95       	ror	r27
 9dc:	f7 95       	ror	r31
 9de:	9f 5f       	subi	r25, 0xFF	; 255
 9e0:	c9 f7       	brne	.-14     	; 0x9d4 <__divsf3_pse+0x78>
 9e2:	88 0f       	add	r24, r24
 9e4:	91 1d       	adc	r25, r1
 9e6:	96 95       	lsr	r25
 9e8:	87 95       	ror	r24
 9ea:	97 f9       	bld	r25, 7
 9ec:	08 95       	ret
 9ee:	e1 e0       	ldi	r30, 0x01	; 1
 9f0:	66 0f       	add	r22, r22
 9f2:	77 1f       	adc	r23, r23
 9f4:	88 1f       	adc	r24, r24
 9f6:	bb 1f       	adc	r27, r27
 9f8:	62 17       	cp	r22, r18
 9fa:	73 07       	cpc	r23, r19
 9fc:	84 07       	cpc	r24, r20
 9fe:	ba 07       	cpc	r27, r26
 a00:	20 f0       	brcs	.+8      	; 0xa0a <__divsf3_pse+0xae>
 a02:	62 1b       	sub	r22, r18
 a04:	73 0b       	sbc	r23, r19
 a06:	84 0b       	sbc	r24, r20
 a08:	ba 0b       	sbc	r27, r26
 a0a:	ee 1f       	adc	r30, r30
 a0c:	88 f7       	brcc	.-30     	; 0x9f0 <__divsf3_pse+0x94>
 a0e:	e0 95       	com	r30
 a10:	08 95       	ret

00000a12 <__fixunssfsi>:
 a12:	0e 94 a5 05 	call	0xb4a	; 0xb4a <__fp_splitA>
 a16:	88 f0       	brcs	.+34     	; 0xa3a <__fixunssfsi+0x28>
 a18:	9f 57       	subi	r25, 0x7F	; 127
 a1a:	98 f0       	brcs	.+38     	; 0xa42 <__fixunssfsi+0x30>
 a1c:	b9 2f       	mov	r27, r25
 a1e:	99 27       	eor	r25, r25
 a20:	b7 51       	subi	r27, 0x17	; 23
 a22:	b0 f0       	brcs	.+44     	; 0xa50 <__fixunssfsi+0x3e>
 a24:	e1 f0       	breq	.+56     	; 0xa5e <__fixunssfsi+0x4c>
 a26:	66 0f       	add	r22, r22
 a28:	77 1f       	adc	r23, r23
 a2a:	88 1f       	adc	r24, r24
 a2c:	99 1f       	adc	r25, r25
 a2e:	1a f0       	brmi	.+6      	; 0xa36 <__fixunssfsi+0x24>
 a30:	ba 95       	dec	r27
 a32:	c9 f7       	brne	.-14     	; 0xa26 <__fixunssfsi+0x14>
 a34:	14 c0       	rjmp	.+40     	; 0xa5e <__fixunssfsi+0x4c>
 a36:	b1 30       	cpi	r27, 0x01	; 1
 a38:	91 f0       	breq	.+36     	; 0xa5e <__fixunssfsi+0x4c>
 a3a:	0e 94 bf 05 	call	0xb7e	; 0xb7e <__fp_zero>
 a3e:	b1 e0       	ldi	r27, 0x01	; 1
 a40:	08 95       	ret
 a42:	0c 94 bf 05 	jmp	0xb7e	; 0xb7e <__fp_zero>
 a46:	67 2f       	mov	r22, r23
 a48:	78 2f       	mov	r23, r24
 a4a:	88 27       	eor	r24, r24
 a4c:	b8 5f       	subi	r27, 0xF8	; 248
 a4e:	39 f0       	breq	.+14     	; 0xa5e <__fixunssfsi+0x4c>
 a50:	b9 3f       	cpi	r27, 0xF9	; 249
 a52:	cc f3       	brlt	.-14     	; 0xa46 <__fixunssfsi+0x34>
 a54:	86 95       	lsr	r24
 a56:	77 95       	ror	r23
 a58:	67 95       	ror	r22
 a5a:	b3 95       	inc	r27
 a5c:	d9 f7       	brne	.-10     	; 0xa54 <__fixunssfsi+0x42>
 a5e:	3e f4       	brtc	.+14     	; 0xa6e <__fixunssfsi+0x5c>
 a60:	90 95       	com	r25
 a62:	80 95       	com	r24
 a64:	70 95       	com	r23
 a66:	61 95       	neg	r22
 a68:	7f 4f       	sbci	r23, 0xFF	; 255
 a6a:	8f 4f       	sbci	r24, 0xFF	; 255
 a6c:	9f 4f       	sbci	r25, 0xFF	; 255
 a6e:	08 95       	ret

00000a70 <__floatunsisf>:
 a70:	e8 94       	clt
 a72:	09 c0       	rjmp	.+18     	; 0xa86 <__floatsisf+0x12>

00000a74 <__floatsisf>:
 a74:	97 fb       	bst	r25, 7
 a76:	3e f4       	brtc	.+14     	; 0xa86 <__floatsisf+0x12>
 a78:	90 95       	com	r25
 a7a:	80 95       	com	r24
 a7c:	70 95       	com	r23
 a7e:	61 95       	neg	r22
 a80:	7f 4f       	sbci	r23, 0xFF	; 255
 a82:	8f 4f       	sbci	r24, 0xFF	; 255
 a84:	9f 4f       	sbci	r25, 0xFF	; 255
 a86:	99 23       	and	r25, r25
 a88:	a9 f0       	breq	.+42     	; 0xab4 <__floatsisf+0x40>
 a8a:	f9 2f       	mov	r31, r25
 a8c:	96 e9       	ldi	r25, 0x96	; 150
 a8e:	bb 27       	eor	r27, r27
 a90:	93 95       	inc	r25
 a92:	f6 95       	lsr	r31
 a94:	87 95       	ror	r24
 a96:	77 95       	ror	r23
 a98:	67 95       	ror	r22
 a9a:	b7 95       	ror	r27
 a9c:	f1 11       	cpse	r31, r1
 a9e:	f8 cf       	rjmp	.-16     	; 0xa90 <__floatsisf+0x1c>
 aa0:	fa f4       	brpl	.+62     	; 0xae0 <__floatsisf+0x6c>
 aa2:	bb 0f       	add	r27, r27
 aa4:	11 f4       	brne	.+4      	; 0xaaa <__floatsisf+0x36>
 aa6:	60 ff       	sbrs	r22, 0
 aa8:	1b c0       	rjmp	.+54     	; 0xae0 <__floatsisf+0x6c>
 aaa:	6f 5f       	subi	r22, 0xFF	; 255
 aac:	7f 4f       	sbci	r23, 0xFF	; 255
 aae:	8f 4f       	sbci	r24, 0xFF	; 255
 ab0:	9f 4f       	sbci	r25, 0xFF	; 255
 ab2:	16 c0       	rjmp	.+44     	; 0xae0 <__floatsisf+0x6c>
 ab4:	88 23       	and	r24, r24
 ab6:	11 f0       	breq	.+4      	; 0xabc <__floatsisf+0x48>
 ab8:	96 e9       	ldi	r25, 0x96	; 150
 aba:	11 c0       	rjmp	.+34     	; 0xade <__floatsisf+0x6a>
 abc:	77 23       	and	r23, r23
 abe:	21 f0       	breq	.+8      	; 0xac8 <__floatsisf+0x54>
 ac0:	9e e8       	ldi	r25, 0x8E	; 142
 ac2:	87 2f       	mov	r24, r23
 ac4:	76 2f       	mov	r23, r22
 ac6:	05 c0       	rjmp	.+10     	; 0xad2 <__floatsisf+0x5e>
 ac8:	66 23       	and	r22, r22
 aca:	71 f0       	breq	.+28     	; 0xae8 <__floatsisf+0x74>
 acc:	96 e8       	ldi	r25, 0x86	; 134
 ace:	86 2f       	mov	r24, r22
 ad0:	70 e0       	ldi	r23, 0x00	; 0
 ad2:	60 e0       	ldi	r22, 0x00	; 0
 ad4:	2a f0       	brmi	.+10     	; 0xae0 <__floatsisf+0x6c>
 ad6:	9a 95       	dec	r25
 ad8:	66 0f       	add	r22, r22
 ada:	77 1f       	adc	r23, r23
 adc:	88 1f       	adc	r24, r24
 ade:	da f7       	brpl	.-10     	; 0xad6 <__floatsisf+0x62>
 ae0:	88 0f       	add	r24, r24
 ae2:	96 95       	lsr	r25
 ae4:	87 95       	ror	r24
 ae6:	97 f9       	bld	r25, 7
 ae8:	08 95       	ret

00000aea <__fp_inf>:
 aea:	97 f9       	bld	r25, 7
 aec:	9f 67       	ori	r25, 0x7F	; 127
 aee:	80 e8       	ldi	r24, 0x80	; 128
 af0:	70 e0       	ldi	r23, 0x00	; 0
 af2:	60 e0       	ldi	r22, 0x00	; 0
 af4:	08 95       	ret

00000af6 <__fp_nan>:
 af6:	9f ef       	ldi	r25, 0xFF	; 255
 af8:	80 ec       	ldi	r24, 0xC0	; 192
 afa:	08 95       	ret

00000afc <__fp_pscA>:
 afc:	00 24       	eor	r0, r0
 afe:	0a 94       	dec	r0
 b00:	16 16       	cp	r1, r22
 b02:	17 06       	cpc	r1, r23
 b04:	18 06       	cpc	r1, r24
 b06:	09 06       	cpc	r0, r25
 b08:	08 95       	ret

00000b0a <__fp_pscB>:
 b0a:	00 24       	eor	r0, r0
 b0c:	0a 94       	dec	r0
 b0e:	12 16       	cp	r1, r18
 b10:	13 06       	cpc	r1, r19
 b12:	14 06       	cpc	r1, r20
 b14:	05 06       	cpc	r0, r21
 b16:	08 95       	ret

00000b18 <__fp_round>:
 b18:	09 2e       	mov	r0, r25
 b1a:	03 94       	inc	r0
 b1c:	00 0c       	add	r0, r0
 b1e:	11 f4       	brne	.+4      	; 0xb24 <__fp_round+0xc>
 b20:	88 23       	and	r24, r24
 b22:	52 f0       	brmi	.+20     	; 0xb38 <__fp_round+0x20>
 b24:	bb 0f       	add	r27, r27
 b26:	40 f4       	brcc	.+16     	; 0xb38 <__fp_round+0x20>
 b28:	bf 2b       	or	r27, r31
 b2a:	11 f4       	brne	.+4      	; 0xb30 <__fp_round+0x18>
 b2c:	60 ff       	sbrs	r22, 0
 b2e:	04 c0       	rjmp	.+8      	; 0xb38 <__fp_round+0x20>
 b30:	6f 5f       	subi	r22, 0xFF	; 255
 b32:	7f 4f       	sbci	r23, 0xFF	; 255
 b34:	8f 4f       	sbci	r24, 0xFF	; 255
 b36:	9f 4f       	sbci	r25, 0xFF	; 255
 b38:	08 95       	ret

00000b3a <__fp_split3>:
 b3a:	57 fd       	sbrc	r21, 7
 b3c:	90 58       	subi	r25, 0x80	; 128
 b3e:	44 0f       	add	r20, r20
 b40:	55 1f       	adc	r21, r21
 b42:	59 f0       	breq	.+22     	; 0xb5a <__fp_splitA+0x10>
 b44:	5f 3f       	cpi	r21, 0xFF	; 255
 b46:	71 f0       	breq	.+28     	; 0xb64 <__fp_splitA+0x1a>
 b48:	47 95       	ror	r20

00000b4a <__fp_splitA>:
 b4a:	88 0f       	add	r24, r24
 b4c:	97 fb       	bst	r25, 7
 b4e:	99 1f       	adc	r25, r25
 b50:	61 f0       	breq	.+24     	; 0xb6a <__fp_splitA+0x20>
 b52:	9f 3f       	cpi	r25, 0xFF	; 255
 b54:	79 f0       	breq	.+30     	; 0xb74 <__fp_splitA+0x2a>
 b56:	87 95       	ror	r24
 b58:	08 95       	ret
 b5a:	12 16       	cp	r1, r18
 b5c:	13 06       	cpc	r1, r19
 b5e:	14 06       	cpc	r1, r20
 b60:	55 1f       	adc	r21, r21
 b62:	f2 cf       	rjmp	.-28     	; 0xb48 <__fp_split3+0xe>
 b64:	46 95       	lsr	r20
 b66:	f1 df       	rcall	.-30     	; 0xb4a <__fp_splitA>
 b68:	08 c0       	rjmp	.+16     	; 0xb7a <__fp_splitA+0x30>
 b6a:	16 16       	cp	r1, r22
 b6c:	17 06       	cpc	r1, r23
 b6e:	18 06       	cpc	r1, r24
 b70:	99 1f       	adc	r25, r25
 b72:	f1 cf       	rjmp	.-30     	; 0xb56 <__fp_splitA+0xc>
 b74:	86 95       	lsr	r24
 b76:	71 05       	cpc	r23, r1
 b78:	61 05       	cpc	r22, r1
 b7a:	08 94       	sec
 b7c:	08 95       	ret

00000b7e <__fp_zero>:
 b7e:	e8 94       	clt

00000b80 <__fp_szero>:
 b80:	bb 27       	eor	r27, r27
 b82:	66 27       	eor	r22, r22
 b84:	77 27       	eor	r23, r23
 b86:	cb 01       	movw	r24, r22
 b88:	97 f9       	bld	r25, 7
 b8a:	08 95       	ret

00000b8c <__gesf2>:
 b8c:	0e 94 cb 05 	call	0xb96	; 0xb96 <__fp_cmp>
 b90:	08 f4       	brcc	.+2      	; 0xb94 <__gesf2+0x8>
 b92:	8f ef       	ldi	r24, 0xFF	; 255
 b94:	08 95       	ret

00000b96 <__fp_cmp>:
 b96:	99 0f       	add	r25, r25
 b98:	00 08       	sbc	r0, r0
 b9a:	55 0f       	add	r21, r21
 b9c:	aa 0b       	sbc	r26, r26
 b9e:	e0 e8       	ldi	r30, 0x80	; 128
 ba0:	fe ef       	ldi	r31, 0xFE	; 254
 ba2:	16 16       	cp	r1, r22
 ba4:	17 06       	cpc	r1, r23
 ba6:	e8 07       	cpc	r30, r24
 ba8:	f9 07       	cpc	r31, r25
 baa:	c0 f0       	brcs	.+48     	; 0xbdc <__fp_cmp+0x46>
 bac:	12 16       	cp	r1, r18
 bae:	13 06       	cpc	r1, r19
 bb0:	e4 07       	cpc	r30, r20
 bb2:	f5 07       	cpc	r31, r21
 bb4:	98 f0       	brcs	.+38     	; 0xbdc <__fp_cmp+0x46>
 bb6:	62 1b       	sub	r22, r18
 bb8:	73 0b       	sbc	r23, r19
 bba:	84 0b       	sbc	r24, r20
 bbc:	95 0b       	sbc	r25, r21
 bbe:	39 f4       	brne	.+14     	; 0xbce <__fp_cmp+0x38>
 bc0:	0a 26       	eor	r0, r26
 bc2:	61 f0       	breq	.+24     	; 0xbdc <__fp_cmp+0x46>
 bc4:	23 2b       	or	r18, r19
 bc6:	24 2b       	or	r18, r20
 bc8:	25 2b       	or	r18, r21
 bca:	21 f4       	brne	.+8      	; 0xbd4 <__fp_cmp+0x3e>
 bcc:	08 95       	ret
 bce:	0a 26       	eor	r0, r26
 bd0:	09 f4       	brne	.+2      	; 0xbd4 <__fp_cmp+0x3e>
 bd2:	a1 40       	sbci	r26, 0x01	; 1
 bd4:	a6 95       	lsr	r26
 bd6:	8f ef       	ldi	r24, 0xFF	; 255
 bd8:	81 1d       	adc	r24, r1
 bda:	81 1d       	adc	r24, r1
 bdc:	08 95       	ret

00000bde <memcpy_P>:
 bde:	fb 01       	movw	r30, r22
 be0:	dc 01       	movw	r26, r24
 be2:	02 c0       	rjmp	.+4      	; 0xbe8 <memcpy_P+0xa>
 be4:	05 90       	lpm	r0, Z+
 be6:	0d 92       	st	X+, r0
 be8:	41 50       	subi	r20, 0x01	; 1
 bea:	50 40       	sbci	r21, 0x00	; 0
 bec:	d8 f7       	brcc	.-10     	; 0xbe4 <memcpy_P+0x6>
 bee:	08 95       	ret

00000bf0 <_exit>:
 bf0:	f8 94       	cli

00000bf2 <__stop_program>:
 bf2:	ff cf       	rjmp	.-2      	; 0xbf2 <__stop_program>
